<?xml version="1.0" encoding="UTF-8"?>
<testng-results ignored="0" total="1" passed="1" failed="0" skipped="0">
  <reporter-output>
  </reporter-output>
  <suite started-at="2023-07-18T10:47:59 IST" name="Default suite" finished-at="2023-07-18T10:48:18 IST" duration-ms="18988">
    <groups>
    </groups>
    <test started-at="2023-07-18T10:47:59 IST" name="Default test" finished-at="2023-07-18T10:48:18 IST" duration-ms="18988">
      <class name="com.Ishine.testcase.HomeTest">
        <test-method is-config="true" signature="setUp()[pri:0, instance:com.Ishine.testcase.HomeTest@47c81abf]" started-at="2023-07-18T10:47:59 IST" name="setUp" finished-at="2023-07-18T10:48:12 IST" duration-ms="12604" status="PASS">
          <reporter-output>
          </reporter-output>
        </test-method> <!-- setUp -->
        <test-method signature="CheckTheHomePage()[pri:0, instance:com.Ishine.testcase.HomeTest@47c81abf]" started-at="2023-07-18T10:48:12 IST" name="CheckTheHomePage" finished-at="2023-07-18T10:48:17 IST" duration-ms="5538" status="PASS">
          <reporter-output>
          </reporter-output>
        </test-method> <!-- CheckTheHomePage -->
        <test-method is-config="true" signature="tearDown()[pri:0, instance:com.Ishine.testcase.HomeTest@47c81abf]" started-at="2023-07-18T10:48:17 IST" name="tearDown" finished-at="2023-07-18T10:48:18 IST" duration-ms="773" status="PASS">
          <reporter-output>
          </reporter-output>
        </test-method> <!-- tearDown -->
      </class> <!-- com.Ishine.testcase.HomeTest -->
    </test> <!-- Default test -->
  </suite> <!-- Default suite -->
</testng-results>
